2014-12-09 16:02:43,585 INFO sqlalchemy.engine.base.Engine SELECT user_name() as user_name
2014-12-09 16:02:43,585 INFO sqlalchemy.engine.base.Engine ()
2014-12-09 16:02:43,608 INFO sqlalchemy.engine.base.Engine SET ROWCOUNT 10000000 SELECT CAST('test plain returns' AS VARCHAR(60)) AS anon_1
2014-12-09 16:02:43,608 INFO sqlalchemy.engine.base.Engine ()
/Users/kstone/Documents/workspace/pwi/lib/python2.7/site-packages/SQLAlchemy-0.9.8-py2.7-macosx-10.9-intel.egg/sqlalchemy/engine/default.py:312: SAWarning: Exception attempting to detect unicode returns: ProgrammingError('(ProgrammingError) (\'42000\', "[42000] [FreeTDS][SQL Server]Incorrect syntax near the keyword \'AS\'.\\n (156) (SQLExecDirectW)")',)
  results = set([check_unicode(test) for test in tests])
2014-12-09 16:02:43,610 INFO sqlalchemy.engine.base.Engine SET ROWCOUNT 10000000 SELECT CAST('test unicode returns' AS NVARCHAR(60)) AS anon_1
2014-12-09 16:02:43,610 INFO sqlalchemy.engine.base.Engine ()
2014-12-09 16:02:43,619 INFO sqlalchemy.engine.base.Engine BEGIN (implicit)
2014-12-09 16:02:43,619 INFO sqlalchemy.engine.base.Engine SET ROWCOUNT 0
select 1 from mgi_dbinfo
2014-12-09 16:02:43,619 INFO sqlalchemy.engine.base.Engine ()
 * Running on http://mlg-balrog.jax.org:7000/
 * Restarting with reloader
2014-12-09 16:02:44,094 INFO sqlalchemy.engine.base.Engine SELECT user_name() as user_name
2014-12-09 16:02:44,094 INFO sqlalchemy.engine.base.Engine ()
2014-12-09 16:02:44,097 INFO sqlalchemy.engine.base.Engine SET ROWCOUNT 10000000 SELECT CAST('test plain returns' AS VARCHAR(60)) AS anon_1
2014-12-09 16:02:44,097 INFO sqlalchemy.engine.base.Engine ()
/Users/kstone/Documents/workspace/pwi/lib/python2.7/site-packages/SQLAlchemy-0.9.8-py2.7-macosx-10.9-intel.egg/sqlalchemy/engine/default.py:312: SAWarning: Exception attempting to detect unicode returns: ProgrammingError('(ProgrammingError) (\'42000\', "[42000] [FreeTDS][SQL Server]Incorrect syntax near the keyword \'AS\'.\\n (156) (SQLExecDirectW)")',)
  results = set([check_unicode(test) for test in tests])
2014-12-09 16:02:44,127 INFO sqlalchemy.engine.base.Engine SET ROWCOUNT 10000000 SELECT CAST('test unicode returns' AS NVARCHAR(60)) AS anon_1
2014-12-09 16:02:44,127 INFO sqlalchemy.engine.base.Engine ()
2014-12-09 16:02:44,135 INFO sqlalchemy.engine.base.Engine BEGIN (implicit)
2014-12-09 16:02:44,135 INFO sqlalchemy.engine.base.Engine SET ROWCOUNT 0
select 1 from mgi_dbinfo
2014-12-09 16:02:44,135 INFO sqlalchemy.engine.base.Engine ()
